/data/zihan/anaconda3/envs/x/lib/python3.7/site-packages/torch/utils/tensorboard/__init__.py:6: DeprecationWarning: distutils Version classes are deprecated. Use packaging.version instead.
  if not hasattr(tensorboard, '__version__') or LooseVersion(tensorboard.__version__) < LooseVersion('1.15'):
/data/zihan/anaconda3/envs/x/lib/python3.7/site-packages/tensorboard/compat/tensorflow_stub/dtypes.py:568: DeprecationWarning: `np.object` is a deprecated alias for the builtin `object`. To silence this warning, use `object` by itself. Doing this will not modify any behavior and is safe. 
Deprecated in NumPy 1.20; for more details and guidance: https://numpy.org/devdocs/release/1.20.0-notes.html#deprecations
  (np.object, string),
/data/zihan/anaconda3/envs/x/lib/python3.7/site-packages/tensorboard/compat/tensorflow_stub/dtypes.py:569: DeprecationWarning: `np.bool` is a deprecated alias for the builtin `bool`. To silence this warning, use `bool` by itself. Doing this will not modify any behavior and is safe. If you specifically wanted the numpy scalar type, use `np.bool_` here.
Deprecated in NumPy 1.20; for more details and guidance: https://numpy.org/devdocs/release/1.20.0-notes.html#deprecations
  (np.bool, bool),
/data/zihan/anaconda3/envs/x/lib/python3.7/site-packages/tensorboard/util/tensor_util.py:100: DeprecationWarning: `np.object` is a deprecated alias for the builtin `object`. To silence this warning, use `object` by itself. Doing this will not modify any behavior and is safe. 
Deprecated in NumPy 1.20; for more details and guidance: https://numpy.org/devdocs/release/1.20.0-notes.html#deprecations
  np.object: SlowAppendObjectArrayToTensorProto,
/data/zihan/anaconda3/envs/x/lib/python3.7/site-packages/tensorboard/util/tensor_util.py:101: DeprecationWarning: `np.bool` is a deprecated alias for the builtin `bool`. To silence this warning, use `bool` by itself. Doing this will not modify any behavior and is safe. If you specifically wanted the numpy scalar type, use `np.bool_` here.
Deprecated in NumPy 1.20; for more details and guidance: https://numpy.org/devdocs/release/1.20.0-notes.html#deprecations
  np.bool: SlowAppendBoolArrayToTensorProto,
Importing module 'gym_37' (/data/zihan/software/isaacgym/python/isaacgym/_bindings/linux-x86_64/gym_37.so)
Setting GYM_USD_PLUG_INFO_PATH to /data/zihan/software/isaacgym/python/isaacgym/_bindings/linux-x86_64/usd/plugInfo.json
PyTorch version 1.11.0.dev20211118+cu113
Device count 1
/data/zihan/software/isaacgym/python/isaacgym/_bindings/src/gymtorch
Using /data/zihan/.cache/torch_extensions/py37_cu113 as PyTorch extensions root...
Loading extension module gymtorch...
raw:  Namespace(algo='ppo', cfg_env='Base', cfg_train='Base', checkpoint='Base', compute_device_id=0, datatype='random', episode_length=0, experiment='Base', flex=False, graphics_device_id=0, headless=False, horovod=False, logdir='logs/', max_iterations=0, metadata=False, minibatch_size=-1, model_dir='', num_envs=0, num_threads=0, physics_engine=SimType.SIM_PHYSX, physx=False, pipeline='gpu', play=False, randomize=False, record_video=True, record_video_interval=30, resume=0, rl_device='cuda:0', seed=None, sim_device='cuda:0', sim_device_type='cuda', slices=0, steps_num=-1, subscenes=0, task='ShadowHandOpenScissors', task_type='Python', test=False, torch_deterministic=False, use_gpu=True, use_gpu_pipeline=True, wandb_activate=True, wandb_entity='quantumiracle', wandb_project='bi-dexhands')
Traceback (most recent call last):
  File "train.py", line 91, in <module>
    args = get_args()
  File "/data/zihan/research/DexterousHands/bi-dexhands/utils/config.py", line 302, in get_args
    logdir, cfg_train, cfg_env = retrieve_cfg(args, use_rlg_config)
  File "/data/zihan/research/DexterousHands/bi-dexhands/utils/config.py", line 75, in retrieve_cfg
    warn_task_name()
  File "/data/zihan/research/DexterousHands/bi-dexhands/utils/config.py", line 29, in warn_task_name
    "Unrecognized task!")
Exception: Unrecognized task!
