/data/zihan/anaconda3/envs/x/lib/python3.7/site-packages/torch/utils/tensorboard/__init__.py:6: DeprecationWarning: distutils Version classes are deprecated. Use packaging.version instead.
  if not hasattr(tensorboard, '__version__') or LooseVersion(tensorboard.__version__) < LooseVersion('1.15'):
/data/zihan/anaconda3/envs/x/lib/python3.7/site-packages/tensorboard/compat/tensorflow_stub/dtypes.py:568: DeprecationWarning: `np.object` is a deprecated alias for the builtin `object`. To silence this warning, use `object` by itself. Doing this will not modify any behavior and is safe. 
Deprecated in NumPy 1.20; for more details and guidance: https://numpy.org/devdocs/release/1.20.0-notes.html#deprecations
  (np.object, string),
/data/zihan/anaconda3/envs/x/lib/python3.7/site-packages/tensorboard/compat/tensorflow_stub/dtypes.py:569: DeprecationWarning: `np.bool` is a deprecated alias for the builtin `bool`. To silence this warning, use `bool` by itself. Doing this will not modify any behavior and is safe. If you specifically wanted the numpy scalar type, use `np.bool_` here.
Deprecated in NumPy 1.20; for more details and guidance: https://numpy.org/devdocs/release/1.20.0-notes.html#deprecations
  (np.bool, bool),
/data/zihan/anaconda3/envs/x/lib/python3.7/site-packages/tensorboard/util/tensor_util.py:100: DeprecationWarning: `np.object` is a deprecated alias for the builtin `object`. To silence this warning, use `object` by itself. Doing this will not modify any behavior and is safe. 
Deprecated in NumPy 1.20; for more details and guidance: https://numpy.org/devdocs/release/1.20.0-notes.html#deprecations
  np.object: SlowAppendObjectArrayToTensorProto,
/data/zihan/anaconda3/envs/x/lib/python3.7/site-packages/tensorboard/util/tensor_util.py:101: DeprecationWarning: `np.bool` is a deprecated alias for the builtin `bool`. To silence this warning, use `bool` by itself. Doing this will not modify any behavior and is safe. If you specifically wanted the numpy scalar type, use `np.bool_` here.
Deprecated in NumPy 1.20; for more details and guidance: https://numpy.org/devdocs/release/1.20.0-notes.html#deprecations
  np.bool: SlowAppendBoolArrayToTensorProto,
/data/zihan/anaconda3/envs/x/lib/python3.7/site-packages/tensorflow/python/pywrap_tensorflow_internal.py:15: DeprecationWarning: the imp module is deprecated in favour of importlib; see the module's documentation for alternative uses
  import imp
/data/zihan/anaconda3/envs/x/lib/python3.7/site-packages/tensorflow/python/util/nest.py:1286: DeprecationWarning: Using or importing the ABCs from 'collections' instead of from 'collections.abc' is deprecated, and in 3.8 it will stop working
  _pywrap_tensorflow.RegisterType("Mapping", _collections.Mapping)
/data/zihan/anaconda3/envs/x/lib/python3.7/site-packages/tensorflow/python/framework/dtypes.py:516: FutureWarning: Passing (type, 1) or '1type' as a synonym of type is deprecated; in a future version of numpy, it will be understood as (type, (1,)) / '(1,)type'.
  _np_qint8 = np.dtype([("qint8", np.int8, 1)])
/data/zihan/anaconda3/envs/x/lib/python3.7/site-packages/tensorflow/python/framework/dtypes.py:517: FutureWarning: Passing (type, 1) or '1type' as a synonym of type is deprecated; in a future version of numpy, it will be understood as (type, (1,)) / '(1,)type'.
  _np_quint8 = np.dtype([("quint8", np.uint8, 1)])
/data/zihan/anaconda3/envs/x/lib/python3.7/site-packages/tensorflow/python/framework/dtypes.py:518: FutureWarning: Passing (type, 1) or '1type' as a synonym of type is deprecated; in a future version of numpy, it will be understood as (type, (1,)) / '(1,)type'.
  _np_qint16 = np.dtype([("qint16", np.int16, 1)])
/data/zihan/anaconda3/envs/x/lib/python3.7/site-packages/tensorflow/python/framework/dtypes.py:519: FutureWarning: Passing (type, 1) or '1type' as a synonym of type is deprecated; in a future version of numpy, it will be understood as (type, (1,)) / '(1,)type'.
  _np_quint16 = np.dtype([("quint16", np.uint16, 1)])
/data/zihan/anaconda3/envs/x/lib/python3.7/site-packages/tensorflow/python/framework/dtypes.py:520: FutureWarning: Passing (type, 1) or '1type' as a synonym of type is deprecated; in a future version of numpy, it will be understood as (type, (1,)) / '(1,)type'.
  _np_qint32 = np.dtype([("qint32", np.int32, 1)])
/data/zihan/anaconda3/envs/x/lib/python3.7/site-packages/tensorflow/python/framework/dtypes.py:525: FutureWarning: Passing (type, 1) or '1type' as a synonym of type is deprecated; in a future version of numpy, it will be understood as (type, (1,)) / '(1,)type'.
  np_resource = np.dtype([("resource", np.ubyte, 1)])
/data/zihan/anaconda3/envs/x/lib/python3.7/site-packages/tensorflow/python/framework/dtypes.py:593: DeprecationWarning: `np.object` is a deprecated alias for the builtin `object`. To silence this warning, use `object` by itself. Doing this will not modify any behavior and is safe. 
Deprecated in NumPy 1.20; for more details and guidance: https://numpy.org/devdocs/release/1.20.0-notes.html#deprecations
  np.object,
/data/zihan/anaconda3/envs/x/lib/python3.7/site-packages/tensorflow/python/framework/dtypes.py:601: DeprecationWarning: `np.bool` is a deprecated alias for the builtin `bool`. To silence this warning, use `bool` by itself. Doing this will not modify any behavior and is safe. If you specifically wanted the numpy scalar type, use `np.bool_` here.
Deprecated in NumPy 1.20; for more details and guidance: https://numpy.org/devdocs/release/1.20.0-notes.html#deprecations
  np.bool,
/data/zihan/anaconda3/envs/x/lib/python3.7/site-packages/tensorflow/python/framework/tensor_util.py:106: DeprecationWarning: `np.object` is a deprecated alias for the builtin `object`. To silence this warning, use `object` by itself. Doing this will not modify any behavior and is safe. 
Deprecated in NumPy 1.20; for more details and guidance: https://numpy.org/devdocs/release/1.20.0-notes.html#deprecations
  np.object:
/data/zihan/anaconda3/envs/x/lib/python3.7/site-packages/tensorflow/python/framework/tensor_util.py:108: DeprecationWarning: `np.bool` is a deprecated alias for the builtin `bool`. To silence this warning, use `bool` by itself. Doing this will not modify any behavior and is safe. If you specifically wanted the numpy scalar type, use `np.bool_` here.
Deprecated in NumPy 1.20; for more details and guidance: https://numpy.org/devdocs/release/1.20.0-notes.html#deprecations
  np.bool:
/data/zihan/anaconda3/envs/x/lib/python3.7/site-packages/tensorflow/python/training/tracking/object_identity.py:61: DeprecationWarning: Using or importing the ABCs from 'collections' instead of from 'collections.abc' is deprecated, and in 3.8 it will stop working
  class ObjectIdentityDictionary(collections.MutableMapping):
/data/zihan/anaconda3/envs/x/lib/python3.7/site-packages/tensorflow/python/training/tracking/data_structures.py:374: DeprecationWarning: Using or importing the ABCs from 'collections' instead of from 'collections.abc' is deprecated, and in 3.8 it will stop working
  class _ListWrapper(List, collections.MutableSequence,
/data/zihan/anaconda3/envs/x/lib/python3.7/site-packages/keras_preprocessing/image/utils.py:23: DeprecationWarning: NEAREST is deprecated and will be removed in Pillow 10 (2023-07-01). Use Resampling.NEAREST or Dither.NONE instead.
  'nearest': pil_image.NEAREST,
/data/zihan/anaconda3/envs/x/lib/python3.7/site-packages/keras_preprocessing/image/utils.py:24: DeprecationWarning: BILINEAR is deprecated and will be removed in Pillow 10 (2023-07-01). Use Resampling.BILINEAR instead.
  'bilinear': pil_image.BILINEAR,
/data/zihan/anaconda3/envs/x/lib/python3.7/site-packages/keras_preprocessing/image/utils.py:25: DeprecationWarning: BICUBIC is deprecated and will be removed in Pillow 10 (2023-07-01). Use Resampling.BICUBIC instead.
  'bicubic': pil_image.BICUBIC,
/data/zihan/anaconda3/envs/x/lib/python3.7/site-packages/keras_preprocessing/image/utils.py:28: DeprecationWarning: HAMMING is deprecated and will be removed in Pillow 10 (2023-07-01). Use Resampling.HAMMING instead.
  if hasattr(pil_image, 'HAMMING'):
/data/zihan/anaconda3/envs/x/lib/python3.7/site-packages/keras_preprocessing/image/utils.py:30: DeprecationWarning: BOX is deprecated and will be removed in Pillow 10 (2023-07-01). Use Resampling.BOX instead.
  if hasattr(pil_image, 'BOX'):
/data/zihan/anaconda3/envs/x/lib/python3.7/site-packages/keras_preprocessing/image/utils.py:33: DeprecationWarning: LANCZOS is deprecated and will be removed in Pillow 10 (2023-07-01). Use Resampling.LANCZOS instead.
  if hasattr(pil_image, 'LANCZOS'):
wandb: Currently logged in as: quantumiracle. Use `wandb login --relogin` to force relogin
wandb: wandb version 0.13.4 is available!  To upgrade, please run:
wandb:  $ pip install wandb --upgrade
wandb: Tracking run with wandb version 0.13.0
wandb: Run data is saved locally in /data/zihan/research/DexterousHands/bi-dexhands/wandb/run-20221019_152509-3mvrg52y
wandb: Run `wandb offline` to turn off syncing.
wandb: Syncing run ShadowHandBottleCap_ppo_20221019152508
wandb: â­ï¸ View project at https://wandb.ai/quantumiracle/bi-dexhands
wandb: ðŸš€ View run at https://wandb.ai/quantumiracle/bi-dexhands/runs/3mvrg52y
Not connected to PVD
+++ Using GPU PhysX
Physics Engine: PhysX
Physics Device: cuda:0
GPU Pipeline: enabled
